# JRE version: Java(TM) SE Runtime Environment (21.0.7+8) (build 21.0.7+8-LTS-245)
# Java VM: Java HotSpot(TM) 64-Bit Server VM (21.0.7+8-LTS-245, mixed mode, emulated-client, sharing, tiered, compressed oops, compressed class ptrs, g1 gc, windows-amd64)
GC Precious Log:
 CardTable entry size: 512
 Card Set container configuration: InlinePtr #cards 5 size 8 Array Of Cards #cards 12 size 40 Howl #buckets 4 coarsen threshold 1843 Howl Bitmap #cards 512 size 80 coarsen threshold 460 Card regions per heap region 1 cards per card region 2048
 CPUs: 12 total, 12 available
 Memory: 7885M
 Large Page Support: Disabled
 NUMA Support: Disabled
 Compressed Oops: Enabled (32-bit)
 Heap Region Size: 1M
 Heap Min Capacity: 8M
 Heap Initial Capacity: 124M
 Heap Max Capacity: 1972M
 Pre-touch: Disabled
 Parallel Workers: 10
 Concurrent Workers: 3
 Concurrent Refinement Workers: 10
 Periodic GC: Disabled
Heap:
 garbage-first heap   total 147456K, used 49676K [0x0000000084c00000, 0x0000000100000000)
  region size 1024K, 7 young (7168K), 7 survivors (7168K)
 Metaspace       used 115020K, committed 116864K, reserved 1179648K
  class space    used 15044K, committed 16000K, reserved 1048576K
GC Heap History (20 events):
Event: 3029.168 GC heap after
{Heap after GC invocations=181 (full 51):
 garbage-first heap   total 147456K, used 42054K [0x0000000084c00000, 0x0000000100000000)
  region size 1024K, 0 young (0K), 0 survivors (0K)
 Metaspace       used 112452K, committed 114112K, reserved 1179648K
  class space    used 14834K, committed 15680K, reserved 1048576K
}
Event: 3030.054 GC heap before
{Heap before GC invocations=181 (full 51):
 garbage-first heap   total 147456K, used 123974K [0x0000000084c00000, 0x0000000100000000)
  region size 1024K, 81 young (82944K), 0 survivors (0K)
 Metaspace       used 112878K, committed 114560K, reserved 1179648K
  class space    used 14868K, committed 15744K, reserved 1048576K
}
Event: 3030.059 GC heap after
{Heap after GC invocations=182 (full 51):
 garbage-first heap   total 147456K, used 48657K [0x0000000084c00000, 0x0000000100000000)
  region size 1024K, 7 young (7168K), 7 survivors (7168K)
 Metaspace       used 112878K, committed 114560K, reserved 1179648K
  class space    used 14868K, committed 15744K, reserved 1048576K
}
Event: 3053.139 GC heap before
{Heap before GC invocations=183 (full 51):
 garbage-first heap   total 147456K, used 51729K [0x0000000084c00000, 0x0000000100000000)
  region size 1024K, 11 young (11264K), 7 survivors (7168K)
 Metaspace       used 112878K, committed 114560K, reserved 1179648K
  class space    used 14868K, committed 15744K, reserved 1048576K
}
Event: 3053.237 GC heap after
{Heap after GC invocations=184 (full 52):
 garbage-first heap   total 147456K, used 42489K [0x0000000084c00000, 0x0000000100000000)
  region size 1024K, 0 young (0K), 0 survivors (0K)
 Metaspace       used 112878K, committed 114560K, reserved 1179648K
  class space    used 14868K, committed 15744K, reserved 1048576K
}
Event: 3056.159 GC heap before
{Heap before GC invocations=184 (full 52):
 garbage-first heap   total 147456K, used 125433K [0x0000000084c00000, 0x0000000100000000)
  region size 1024K, 82 young (83968K), 0 survivors (0K)
 Metaspace       used 113306K, committed 115008K, reserved 1179648K
  class space    used 14904K, committed 15808K, reserved 1048576K
}
Event: 3056.163 GC heap after
{Heap after GC invocations=185 (full 52):
 garbage-first heap   total 147456K, used 49246K [0x0000000084c00000, 0x0000000100000000)
  region size 1024K, 7 young (7168K), 7 survivors (7168K)
 Metaspace       used 113306K, committed 115008K, reserved 1179648K
  class space    used 14904K, committed 15808K, reserved 1048576K
}
Event: 3057.698 GC heap before
{Heap before GC invocations=186 (full 52):
 garbage-first heap   total 147456K, used 50270K [0x0000000084c00000, 0x0000000100000000)
  region size 1024K, 9 young (9216K), 7 survivors (7168K)
 Metaspace       used 113306K, committed 115008K, reserved 1179648K
  class space    used 14904K, committed 15808K, reserved 1048576K
}
Event: 3057.799 GC heap after
{Heap after GC invocations=187 (full 53):
 garbage-first heap   total 147456K, used 42204K [0x0000000084c00000, 0x0000000100000000)
  region size 1024K, 0 young (0K), 0 survivors (0K)
 Metaspace       used 113306K, committed 115008K, reserved 1179648K
  class space    used 14904K, committed 15808K, reserved 1048576K
}
Event: 3060.990 GC heap before
{Heap before GC invocations=187 (full 53):
 garbage-first heap   total 147456K, used 125148K [0x0000000084c00000, 0x0000000100000000)
  region size 1024K, 83 young (84992K), 0 survivors (0K)
 Metaspace       used 113736K, committed 115520K, reserved 1179648K
  class space    used 14938K, committed 15872K, reserved 1048576K
}
Event: 3061.060 GC heap after
{Heap after GC invocations=188 (full 54):
 garbage-first heap   total 147456K, used 42638K [0x0000000084c00000, 0x0000000100000000)
  region size 1024K, 0 young (0K), 0 survivors (0K)
 Metaspace       used 113733K, committed 115520K, reserved 1179648K
  class space    used 14937K, committed 15872K, reserved 1048576K
}
Event: 3065.231 GC heap before
{Heap before GC invocations=188 (full 54):
 garbage-first heap   total 147456K, used 126606K [0x0000000084c00000, 0x0000000100000000)
  region size 1024K, 83 young (84992K), 0 survivors (0K)
 Metaspace       used 114160K, committed 115904K, reserved 1179648K
  class space    used 14972K, committed 15872K, reserved 1048576K
}
Event: 3065.235 GC heap after
{Heap after GC invocations=189 (full 54):
 garbage-first heap   total 147456K, used 49393K [0x0000000084c00000, 0x0000000100000000)
  region size 1024K, 7 young (7168K), 7 survivors (7168K)
 Metaspace       used 114160K, committed 115904K, reserved 1179648K
  class space    used 14972K, committed 15872K, reserved 1048576K
}
Event: 3065.245 GC heap before
{Heap before GC invocations=189 (full 54):
 garbage-first heap   total 147456K, used 49393K [0x0000000084c00000, 0x0000000100000000)
  region size 1024K, 8 young (8192K), 7 survivors (7168K)
 Metaspace       used 114162K, committed 115904K, reserved 1179648K
  class space    used 14972K, committed 15872K, reserved 1048576K
}
Event: 3065.309 GC heap after
{Heap after GC invocations=190 (full 55):
 garbage-first heap   total 147456K, used 42401K [0x0000000084c00000, 0x0000000100000000)
  region size 1024K, 0 young (0K), 0 survivors (0K)
 Metaspace       used 114160K, committed 115904K, reserved 1179648K
  class space    used 14972K, committed 15872K, reserved 1048576K
}
Event: 3067.398 GC heap before
{Heap before GC invocations=190 (full 55):
 garbage-first heap   total 147456K, used 126369K [0x0000000084c00000, 0x0000000100000000)
  region size 1024K, 83 young (84992K), 0 survivors (0K)
 Metaspace       used 114589K, committed 116352K, reserved 1179648K
  class space    used 15007K, committed 15936K, reserved 1048576K
}
Event: 3067.407 GC heap after
{Heap after GC invocations=191 (full 55):
 garbage-first heap   total 147456K, used 49143K [0x0000000084c00000, 0x0000000100000000)
  region size 1024K, 7 young (7168K), 7 survivors (7168K)
 Metaspace       used 114589K, committed 116352K, reserved 1179648K
  class space    used 15007K, committed 15936K, reserved 1048576K
}
Event: 3069.622 GC heap before
{Heap before GC invocations=191 (full 55):
 garbage-first heap   total 147456K, used 51191K [0x0000000084c00000, 0x0000000100000000)
  region size 1024K, 10 young (10240K), 7 survivors (7168K)
 Metaspace       used 114592K, committed 116352K, reserved 1179648K
  class space    used 15007K, committed 15936K, reserved 1048576K
}
Event: 3069.685 GC heap after
{Heap after GC invocations=192 (full 56):
 garbage-first heap   total 147456K, used 42775K [0x0000000084c00000, 0x0000000100000000)
  region size 1024K, 0 young (0K), 0 survivors (0K)
 Metaspace       used 114589K, committed 116352K, reserved 1179648K
  class space    used 15007K, committed 15936K, reserved 1048576K
}
Event: 3073.915 GC heap before
{Heap before GC invocations=192 (full 56):
 garbage-first heap   total 147456K, used 126743K [0x0000000084c00000, 0x0000000100000000)
  region size 1024K, 83 young (84992K), 0 survivors (0K)
 Metaspace       used 115020K, committed 116864K, reserved 1179648K
  class space    used 15044K, committed 16000K, reserved 1048576K
}

